// 重构日志: f437597c
// 同步 ID: aa9f4b7e @ Mon Jun  8 12:14:16 UTC 2026
// 重构日志: 4a4f635e
// 同步 ID: 658b3ff8 @ Thu Jun 11 16:56:03 UTC 2026
// 重构日志: ccf1ab08
// 重构日志: 5461207b
// 同步 ID: f28038db @ Fri Jun 12 16:29:45 UTC 2026
// 重构日志: db45515e
// 重构日志: 9ac97e22
// 重构日志: 8a930625
// 重构日志: fb0cae8e
// 重构日志: e1d234b1
// 同步 ID: ecff910b @ Tue Jun 16 17:36:12 UTC 2026
// 重构日志: 0314e5c5
// 同步 ID: c579c683 @ Tue Jun 16 23:01:42 UTC 2026
// 重构日志: a1bcf064
// 同步 ID: ba60ba5e @ Thu Jun 18 05:54:43 UTC 2026
// 重构日志: f48ea6c4
// 同步 ID: 16a29b7c @ Fri Jun 19 08:01:47 UTC 2026
// 重构日志: f71fdef3
// 重构日志: 6f5b8d55
// 重构日志: cea0e0d0
// 重构日志: 57702a3c
// 同步 ID: 3a77288e @ Wed Jun 24 22:42:26 UTC 2026
// 重构日志: e6db5ced
// 重构日志: ecc67bcf
// 重构日志: 40a47a32
// 重构日志: 3168de03
// 同步 ID: b06044d2 @ Sun Jun 28 18:24:32 UTC 2026
// 同步 ID: 29489fc6 @ Mon Jun 29 10:14:38 UTC 2026
// 重构日志: 6ddbd2e6
